[stitch:0  info] stitch :   init| STITCH initialized
meta	{
    monofont = "DejaVu Sans Mono",
    stitch = {
        cetz = {
            arg = "compile",
            cmd = "typst #arg #cbx #art",
            dir = ".stitch/cetz",
            inc = "art cbx:fcb"
        },
        defaults = {
            dir = ".stitch/readme",
            inc = "out cbx:fcb"
        },
        diagon = {
            cmd = "diagon #arg <#cbx 1>#out",
            dir = ".stitch/diagon"
        },
        doc = {
            cmd = "#cbx 1>#out",
            dir = ".stitch/readme",
            inc = "out"
        },
        download = {
            dir = ".stitch/cetz",
            exe = "yes",
            inc = "cbx:fcb",
            out = ".stitch/cetz/#arg"
        },
        gnuplot = {
            cls = true,
            cmd = "gnuplot #cbx 1>#art 2>#err",
            dir = ".stitch/gnuplot",
            inc = "art:fig cbx:fcb",
            num = "3"
        },
        stitch = {
            classes = {
                [1] = "diagon",
                [2] = "graphviz"
            },
            log = "debug"
        },
        youplot = {
            cmd = "#cbx 1>#out",
            dir = ".stitch/youplot"
        }
    }
}
[stitch:0  info] stitch : stitch| walking CodeBlocks
[stitch:0  info] preface:command| expanding template '#cbx 1>#out'
[stitch:0  info] preface:command| .stitch/readme/preface-7860af3cbb57811f8f89d2358602d89a41b69cfe.cbx 1>.stitch/readme/preface-7860af3cbb57811f8f89d2358602d89a41b69cfe.out
[stitch:0  info] preface:execute| skipped, output files exist (exe='maybe')
[stitch:0  info] preface:  files| looking for old files ..
[stitch:0  info] preface:  files| 0 old files removed
[stitch:0  info] preface:include| cb.'#preface-1-out', 'out:fcb', fenced pandoc.CodeBlock
[stitch:0  info] cb01   :command| expanding template 'diagon #arg <#cbx 1>#out'
[stitch:0  info] cb01   :command| diagon Flowchart <.stitch/diagon/cb01-8fb46b1711cb5c0d4335f73dfcab2769171da978.cbx 1>.stitch/diagon/cb01-8fb46b1711cb5c0d4335f73dfcab2769171da978.out
[stitch:0  info] cb01   :execute| skipped, output files exist (exe='maybe')
[stitch:0  info] cb01   :  files| looking for old files ..
[stitch:0  info] cb01   :  files| 0 old files removed
[stitch:0  info] cb01   :include| cb.'#cb01-1-out', 'out:fcb', fenced pandoc.CodeBlock
[stitch:0  info] cb01   :include| cb.'#cb01-2-cbx', 'cbx:fcb', fenced pandoc.CodeBlock
[stitch:0  info] cb02   :command| expanding template '#cbx 1>#out'
[stitch:0  info] cb02   :command| .stitch/youplot/cb02-7f72babbfe8c76085befda559ede11ef0b63172d.cbx 1>.stitch/youplot/cb02-7f72babbfe8c76085befda559ede11ef0b63172d.out
[stitch:0  info] cb02   :execute| skipped, output files exist (exe='maybe')
[stitch:0  info] cb02   :  files| looking for old files ..
[stitch:0  info] cb02   :  files| 0 old files removed
[stitch:0  info] cb02   :include| cb.'#cb02-1-out', 'out:fcb', fenced pandoc.CodeBlock
[stitch:0  info] cb02   :include| cb.'#cb02-2-cbx', 'cbx:fcb', fenced pandoc.CodeBlock
[stitch:0  info] cb03   :command| expanding template 'typst #arg #cbx #art'
[stitch:0  info] cb03   :command| typst compile .stitch/cetz/cb03-a628cacea4ec4659df2342aec678b3bb9f75cf61.cbx .stitch/cetz/cb03-a628cacea4ec4659df2342aec678b3bb9f75cf61.png
[stitch:0  info] cb03   :execute| skipped, output files exist (exe='maybe')
[stitch:0  info] cb03   :  files| looking for old files ..
[stitch:0  info] cb03   :  files| 0 old files removed
fname, mime, #contents	.stitch/cetz/cb03-a628cacea4ec4659df2342aec678b3bb9f75cf61.png	image/png	70809
[stitch:0  info] cb03   :include| cb.'#cb03-1-art', 'art:fig', pandoc.Figure
[stitch:0  info] cb03   :include| cb.'#cb03-2-cbx', 'cbx:fcb', fenced pandoc.CodeBlock
[stitch:0  info] cb04   :command| expanding template 'typst #arg #cbx #art'
[stitch:0  info] cb04   :command| typst compile .stitch/cetz/cb04-83fb6e7dc72309fb9b49b800ba9b8f3857eca5b7.cbx .stitch/cetz/cb04-83fb6e7dc72309fb9b49b800ba9b8f3857eca5b7.svg
[stitch:0  info] cb04   :execute| skipped, output files exist (exe='maybe')
[stitch:0  info] cb04   :  files| looking for old files ..
[stitch:0  info] cb04   :  files| 0 old files removed
fname, mime, #contents	.stitch/cetz/cb04-83fb6e7dc72309fb9b49b800ba9b8f3857eca5b7.svg	image/svg+xml	165817
[stitch:0  info] cb04   :include| cb.'#cb04-1-art', 'art:fig', pandoc.Figure
[stitch:0  info] cb04   :include| cb.'#cb04-2-cbx', 'cbx:fcb', fenced pandoc.CodeBlock
[stitch:0  info] cb05   :command| expanding template '#cbx #arg #art 1>#out 2>#err'
[stitch:0  info] cb05   :command| .stitch/cetz/cb05-d3710858b6d6e656c27dc3c075c4f4a88b4679ea.cbx local-temperature.json .stitch/cetz/cb05-d3710858b6d6e656c27dc3c075c4f4a88b4679ea.png 1>.stitch/cetz/local-temperature.json 2>.stitch/cetz/cb05-d3710858b6d6e656c27dc3c075c4f4a88b4679ea.err
[stitch:0  info] cb05   :execute| running codeblock (exe='yes')
[stitch:0  info] cb05   :execute| cb05, codeblock ran successfully
[stitch:0  info] cb05   :  files| looking for old files ..
[stitch:0  warn] cb05   :  files| `#out` template without `#sha` (d3710858b6d6e656c27dc3c075c4f4a88b4679ea), unable to detect old files
[stitch:0  info] cb05   :  files| 0 old files removed
[stitch:0  info] cb05   :include| cb.'#cb05-1-cbx', 'cbx:fcb', fenced pandoc.CodeBlock
[stitch:0  info] cb06   :command| expanding template 'typst #arg #cbx #art'
[stitch:0  info] cb06   :command| typst compile .stitch/cetz/cb06-f1873d394ba1c7a80c803f40638ee972be150027.cbx .stitch/cetz/cb06-f1873d394ba1c7a80c803f40638ee972be150027.svg
[stitch:0  info] cb06   :execute| running codeblock (exe='yes')
[stitch:0  info] cb06   :execute| cb06, codeblock ran successfully
[stitch:0  info] cb06   :  files| looking for old files ..
[stitch:0  info] cb06   :  files| 0 old files removed
fname, mime, #contents	.stitch/cetz/cb06-f1873d394ba1c7a80c803f40638ee972be150027.svg	image/svg+xml	113438
[stitch:0  info] cb06   :include| cb.'#cb06-1-art', 'art:fig', pandoc.Figure
[stitch:0  info] cb06   :include| cb.'#cb06-2-cbx', 'cbx:fcb', fenced pandoc.CodeBlock
[stitch:0 debug] cb07   : option| cls = "true"
[stitch:0 debug] cb07   : option| inc = "art:fig cbx:fcb"
[stitch:0 debug] cb07   : option| exe = "maybe"
[stitch:0 debug] cb07   : option| lua = ""
[stitch:0 debug] cb07   : option| old = "purge"
[stitch:0 debug] cb07   : option| cid = "cb07"
[stitch:0 debug] cb07   : option| cbx = ".stitch/gnuplot/cb07-a590a8aaafd1be3f5f890ff5e97cf83be9e3b157.cbx"
[stitch:0 debug] cb07   : option| dir = ".stitch/gnuplot"
[stitch:0 debug] cb07   : option| cmd = "gnuplot #cbx 1>#art 2>#err"
[stitch:0 debug] cb07   : option| art = ".stitch/gnuplot/cb07-a590a8aaafd1be3f5f890ff5e97cf83be9e3b157.png"
[stitch:0 debug] cb07   : option| err = ".stitch/gnuplot/cb07-a590a8aaafd1be3f5f890ff5e97cf83be9e3b157.err"
[stitch:0 debug] cb07   : option| out = ".stitch/gnuplot/cb07-a590a8aaafd1be3f5f890ff5e97cf83be9e3b157.out"
[stitch:0 debug] cb07   : option| arg = ""
[stitch:0 debug] cb07   : option| log = "debug"
[stitch:0 debug] cb07   : option| fmt = "png"
[stitch:0  info] cb07   :command| expanding template 'gnuplot #cbx 1>#art 2>#err'
[stitch:0  info] cb07   :command| gnuplot .stitch/gnuplot/cb07-a590a8aaafd1be3f5f890ff5e97cf83be9e3b157.cbx 1>.stitch/gnuplot/cb07-a590a8aaafd1be3f5f890ff5e97cf83be9e3b157.png 2>.stitch/gnuplot/cb07-a590a8aaafd1be3f5f890ff5e97cf83be9e3b157.err
[stitch:0  info] cb07   :execute| skipped, output files exist (exe='maybe')
[stitch:0  info] cb07   :  files| looking for old files ..
[stitch:0  info] cb07   :  files| 0 old files removed
[stitch:0 debug] cb07   :include| found 2 inc's in 'art:fig cbx:fcb'
[stitch:0 debug] cb07   :   read| .stitch/gnuplot/cb07-a590a8aaafd1be3f5f890ff5e97cf83be9e3b157.png, 62276 bytes
fname, mime, #contents	.stitch/gnuplot/cb07-a590a8aaafd1be3f5f890ff5e97cf83be9e3b157.png	image/png	62276
[stitch:0  info] cb07   :include| cb.'#cb07-1-art', 'art:fig', pandoc.Figure
[stitch:0 debug] cb07   :   read| .stitch/gnuplot/cb07-a590a8aaafd1be3f5f890ff5e97cf83be9e3b157.cbx, 549 bytes
[stitch:0  info] cb07   :include| cb.'#cb07-2-cbx', 'cbx:fcb', fenced pandoc.CodeBlock
[stitch:0  info] arg    :command| expanding template '#cbx #arg #art 1>#out 2>#err'
[stitch:0  info] arg    :command| .stitch/readme/arg-6cee780223452e7424515d954bce46d9a4106221.cbx two words .stitch/readme/arg-6cee780223452e7424515d954bce46d9a4106221.png 1>.stitch/readme/arg-6cee780223452e7424515d954bce46d9a4106221.out 2>.stitch/readme/arg-6cee780223452e7424515d954bce46d9a4106221.err
[stitch:0  info] arg    :execute| skipped, output files exist (exe='maybe')
[stitch:0  info] arg    :  files| looking for old files ..
[stitch:0  info] arg    :  files| 0 old files removed
[stitch:0  info] arg    :include| cb.'#arg-1-cbx', 'cbx:fcb', fenced pandoc.CodeBlock
[stitch:0  info] arg    :include| cb.'#arg-2-out', 'out:fcb', fenced pandoc.CodeBlock
[stitch:0  info] cb10   :command| expanding template '#cbx #arg #art 1>#out 2>#err'
[stitch:0  info] cb10   :command| .stitch/readme/cb10-b1cbec02a2b29ad5642de3dd207a65c12bb52ca6.cbx  .stitch/readme/cb10-b1cbec02a2b29ad5642de3dd207a65c12bb52ca6.png 1>.stitch/readme/cb10-b1cbec02a2b29ad5642de3dd207a65c12bb52ca6.out 2>.stitch/readme/cb10-b1cbec02a2b29ad5642de3dd207a65c12bb52ca6.err
[stitch:0  info] cb10   :execute| skipped, output files exist (exe='maybe')
[stitch:0  info] cb10   :  files| looking for old files ..
[stitch:0  info] cb10   :  files| 0 old files removed
[stitch:0  info] cb10   :include| cb.'#cb10-1-out', 'out:fcb', fenced pandoc.CodeBlock
[stitch:0  info] cb11   :command| expanding template '#cbx #arg #art 1>#out 2>#err'
[stitch:0  info] cb11   :command| .stitch/readme/cb11-9956f0e9207af0783030575867c0480ab8e6ef0f.cbx  .stitch/readme/cb11-9956f0e9207af0783030575867c0480ab8e6ef0f.png 1>.stitch/readme/cb11-9956f0e9207af0783030575867c0480ab8e6ef0f.out 2>.stitch/readme/cb11-9956f0e9207af0783030575867c0480ab8e6ef0f.err
[stitch:0  info] cb11   :execute| codeblock as a chunk (exe='maybe')
[stitch:0  info] cb11   :execute| running chunk, fingers crossed ..
[stitch:0  info] cb11   :execute| chunk ran ok
[stitch:0  info] cb11   :  files| looking for old files ..
[stitch:0  info] cb11   :  files| 1 old files removed
[stitch:0  info] cb11   :include| cb.'#cb11-1-out', 'out:fcb', fenced pandoc.CodeBlock
[stitch:0  info] chunk  :command| expanding template '#cbx #arg #art 1>#out 2>#err'
[stitch:0  info] chunk  :command| .stitch/readme/chunk-f662c7e6dcc46d1daa40af9ca918939f3a0b7df8.cbx  .stitch/readme/chunk-f662c7e6dcc46d1daa40af9ca918939f3a0b7df8.png 1>.stitch/readme/chunk-f662c7e6dcc46d1daa40af9ca918939f3a0b7df8.out 2>.stitch/readme/chunk-f662c7e6dcc46d1daa40af9ca918939f3a0b7df8.err
[stitch:0  info] chunk  :execute| skipped, output files exist (exe='maybe')
[stitch:0  info] chunk  :  files| looking for old files ..
[stitch:0  info] chunk  :  files| 0 old files removed
[stitch:0  info] chunk  :include| cb.'#chunk-1-cbx', 'cbx:fcb', fenced pandoc.CodeBlock
[stitch:0  info] chunk  :include| cb.'#chunk-2-out', 'out:fcb', fenced pandoc.CodeBlock
[stitch:0  info] cb15   :command| expanding template '#cbx #arg #art 1>#out 2>#err'
[stitch:0  info] cb15   :command| .stitch/readme/cb15-0e0c3dae5e76c300216a70ad0200f6e7207eda0f.cbx  .stitch/readme/cb15-0e0c3dae5e76c300216a70ad0200f6e7207eda0f.png 1>.stitch/readme/cb15-0e0c3dae5e76c300216a70ad0200f6e7207eda0f.out 2>.stitch/readme/cb15-0e0c3dae5e76c300216a70ad0200f6e7207eda0f.err
[stitch:0  info] cb15   :execute| skipped (exe='no')
[stitch:0  info] cb15   :  files| looking for old files ..
[stitch:0  info] cb15   :  files| 0 old files removed
[stitch:0  info] cb15   :   read| pandoc.read as csv succeeded (got type Pandoc)
[stitch:0  info] cb15   :include| cb.'cb15-1-cbx', 'cbx', merging 1 pandoc.Block's
[stitch:0  info] csv    :command| expanding template '#cbx #arg #art 1>#out 2>#err'
[stitch:0  info] csv    :command| .stitch/readme/csv-44548c368cf92ef4159265161b476aa11361f677.cbx  .stitch/readme/csv-44548c368cf92ef4159265161b476aa11361f677.png 1>.stitch/readme/csv-44548c368cf92ef4159265161b476aa11361f677.out 2>.stitch/readme/csv-44548c368cf92ef4159265161b476aa11361f677.err
[stitch:0  info] csv    :execute| skipped (exe='no')
[stitch:0  info] csv    :  files| looking for old files ..
[stitch:0  info] csv    :  files| 0 old files removed
[stitch:0  info] csv    :include| cb.'#csv-1-cbx', 'cbx:fcb', fenced pandoc.CodeBlock
[stitch:0  info] csv    :   read| pandoc.read as csv succeeded (got type Pandoc)
[stitch:0  info] csv    :include| cb.'csv-2-cbx', 'cbx', merging 1 pandoc.Block's
[stitch:0  info] csv    :   read| pandoc.read as csv succeeded (got type Pandoc)
[stitch:0  info] csv    :include| cb.'#csv-3-cbx', 'cbx:fcb', fenced pandoc.CodeBlock
[stitch:0 debug] nested : option| cls = "false"
[stitch:0 debug] nested : option| inc = "cbx:fcb out!markdown@stitch"
[stitch:0 debug] nested : option| exe = "maybe"
[stitch:0 debug] nested : option| lua = ""
[stitch:0 debug] nested : option| old = "purge"
[stitch:0 debug] nested : option| cid = "nested"
[stitch:0 debug] nested : option| cbx = ".stitch/readme/nested-16771fe7ddaa168686839969018067fe588f7249.cbx"
[stitch:0 debug] nested : option| dir = ".stitch/readme"
[stitch:0 debug] nested : option| cmd = "#cbx #arg #art 1>#out 2>#err"
[stitch:0 debug] nested : option| art = ".stitch/readme/nested-16771fe7ddaa168686839969018067fe588f7249.png"
[stitch:0 debug] nested : option| err = ".stitch/readme/nested-16771fe7ddaa168686839969018067fe588f7249.err"
[stitch:0 debug] nested : option| out = ".stitch/readme/nested-16771fe7ddaa168686839969018067fe588f7249.out"
[stitch:0 debug] nested : option| arg = ""
[stitch:0 debug] nested : option| log = "debug"
[stitch:0 debug] nested : option| fmt = "png"
[stitch:0  info] nested :command| expanding template '#cbx #arg #art 1>#out 2>#err'
[stitch:0  info] nested :command| .stitch/readme/nested-16771fe7ddaa168686839969018067fe588f7249.cbx  .stitch/readme/nested-16771fe7ddaa168686839969018067fe588f7249.png 1>.stitch/readme/nested-16771fe7ddaa168686839969018067fe588f7249.out 2>.stitch/readme/nested-16771fe7ddaa168686839969018067fe588f7249.err
[stitch:0  info] nested :execute| skipped, output files exist (exe='maybe')
[stitch:0  info] nested :  files| looking for old files ..
[stitch:0  info] nested :  files| 0 old files removed
[stitch:0 debug] nested :include| found 2 inc's in 'cbx:fcb out!markdown@stitch'
[stitch:0 debug] nested :   read| .stitch/readme/nested-16771fe7ddaa168686839969018067fe588f7249.cbx, 677 bytes
[stitch:0  info] nested :include| cb.'#nested-1-cbx', 'cbx:fcb', fenced pandoc.CodeBlock
[stitch:0 debug] nested :   read| .stitch/readme/nested-16771fe7ddaa168686839969018067fe588f7249.out, 647 bytes
[stitch:0  info] nested :   read| pandoc.read as markdown succeeded (got type Pandoc)
[stitch:0 debug] nested :  xload| trying module "stitch"
[stitch:0 debug] nested :  xload| found module "stitch", pkg.loaded=table: 0x3fa39140
[stitch:0  warn] nested :  xform| @stitch, found mod stitch, presumably a list of filters
meta	{
    author = "nested",
    stitch = {
        defaults = {
            dir = ".stitch/readme/nested"
        }
    },
    stitched = {
        ctx = {
            cetz = {
                arg = "compile",
                cmd = "typst #arg #cbx #art",
                dir = ".stitch/cetz",
                inc = "art cbx:fcb"
            },
            diagon = {
                cmd = "diagon #arg <#cbx 1>#out",
                dir = ".stitch/diagon"
            },
            doc = {
                cmd = "#cbx 1>#out",
                dir = ".stitch/readme",
                inc = "out"
            },
            download = {
                dir = ".stitch/cetz",
                exe = "yes",
                inc = "cbx:fcb",
                out = ".stitch/cetz/#arg"
            },
            gnuplot = {
                cls = true,
                cmd = "gnuplot #cbx 1>#art 2>#err",
                dir = ".stitch/gnuplot",
                inc = "art:fig cbx:fcb",
                num = "3"
            },
            stitch = {
                classes = {
                    [1] = "diagon",
                    [2] = "graphviz"
                },
                header = 0,
                log = "debug"
            },
            youplot = {
                cmd = "#cbx 1>#out",
                dir = ".stitch/youplot"
            }
        },
        opts = {
            art = ".stitch/readme/nested-16771fe7ddaa168686839969018067fe588f7249.png",
            cbx = ".stitch/readme/nested-16771fe7ddaa168686839969018067fe588f7249.cbx",
            cid = "nested",
            cmd = ".stitch/readme/nested-16771fe7ddaa168686839969018067fe588f7249.cbx  .stitch/readme/nested-16771fe7ddaa168686839969018067fe588f7249.png 1>.stitch/readme/nested-16771fe7ddaa168686839969018067fe588f7249.out 2>.stitch/readme/nested-16771fe7ddaa168686839969018067fe588f7249.err",
            err = ".stitch/readme/nested-16771fe7ddaa168686839969018067fe588f7249.err",
            hdr = "2",
            inc = "cbx:fcb out!markdown@stitch",
            log = "debug",
            out = ".stitch/readme/nested-16771fe7ddaa168686839969018067fe588f7249.out",
            sha = "16771fe7ddaa168686839969018067fe588f7249"
        }
    }
}
[stitch:1  info] stitch : stitch| walking CodeBlocks and Headers
[stitch:1  info] stitch : header| id nested-report: shifting level from 1 to 3
[stitch:1 debug] cb18   : option| cls = "false"
[stitch:1 debug] cb18   : option| inc = "cbx!csv"
[stitch:1 debug] cb18   : option| exe = "no"
[stitch:1 debug] cb18   : option| lua = ""
[stitch:1 debug] cb18   : option| old = "purge"
[stitch:1 debug] cb18   : option| cid = "cb18"
[stitch:1 debug] cb18   : option| cbx = ".stitch/readme/nested/cb18-e69785473875cdfc2c59577515fd4f5bf837eb97.cbx"
[stitch:1 debug] cb18   : option| dir = ".stitch/readme/nested"
[stitch:1 debug] cb18   : option| cmd = "#cbx #arg #art 1>#out 2>#err"
[stitch:1 debug] cb18   : option| art = ".stitch/readme/nested/cb18-e69785473875cdfc2c59577515fd4f5bf837eb97.png"
[stitch:1 debug] cb18   : option| err = ".stitch/readme/nested/cb18-e69785473875cdfc2c59577515fd4f5bf837eb97.err"
[stitch:1 debug] cb18   : option| out = ".stitch/readme/nested/cb18-e69785473875cdfc2c59577515fd4f5bf837eb97.out"
[stitch:1 debug] cb18   : option| arg = ""
[stitch:1 debug] cb18   : option| log = "debug"
[stitch:1 debug] cb18   : option| fmt = "png"
[stitch:1  info] cb18   :command| expanding template '#cbx #arg #art 1>#out 2>#err'
[stitch:1  info] cb18   :command| .stitch/readme/nested/cb18-e69785473875cdfc2c59577515fd4f5bf837eb97.cbx  .stitch/readme/nested/cb18-e69785473875cdfc2c59577515fd4f5bf837eb97.png 1>.stitch/readme/nested/cb18-e69785473875cdfc2c59577515fd4f5bf837eb97.out 2>.stitch/readme/nested/cb18-e69785473875cdfc2c59577515fd4f5bf837eb97.err
[stitch:1  info] cb18   :execute| skipped (exe='no')
[stitch:1  info] cb18   :  files| looking for old files ..
[stitch:1  info] cb18   :  files| 0 old files removed
[stitch:1 debug] cb18   :include| found 1 inc's in 'cbx!csv'
[stitch:1 debug] cb18   :   read| .stitch/readme/nested/cb18-e69785473875cdfc2c59577515fd4f5bf837eb97.cbx, 21 bytes
[stitch:1  info] cb18   :   read| pandoc.read as csv succeeded (got type Pandoc)
[stitch:1 debug] cb18   :include| cb.'cb18-1-cbx', 'cbx', no type specified (using default)
[stitch:1  info] cb18   :include| cb.'cb18-1-cbx', 'cbx', merging 1 pandoc.Block's
[stitch:1  info] stitch : header| id the-weather-today: shifting level from 2 to 4
[stitch:1  info] cb19   :command| expanding template '#cbx #arg #art 1>#out 2>#err'
[stitch:1  info] cb19   :command| .stitch/readme/nested/cb19-5dfa53d798c558c18780e5a416faf03be0a62e32.cbx  .stitch/readme/nested/cb19-5dfa53d798c558c18780e5a416faf03be0a62e32.png 1>.stitch/readme/nested/cb19-5dfa53d798c558c18780e5a416faf03be0a62e32.out 2>.stitch/readme/nested/cb19-5dfa53d798c558c18780e5a416faf03be0a62e32.err
[stitch:1  info] cb19   :execute| skipped, output files exist (exe='maybe')
[stitch:1  info] cb19   :  files| looking for old files ..
[stitch:1  info] cb19   :  files| 0 old files removed
[stitch:1  info] cb19   :include| cb.'#cb19-1-out', 'out:fcb', fenced pandoc.CodeBlock
[stitch:1  info] stitch : stitch| saw 2 CodeBlocks and 2 Headers
[stitch:1 debug] stitch :  xform| @stitch[1].Pandoc, ok, got a userdata (Pandoc)
[stitch:0  info] nested :  xform| @stitch, applied 1 filter(s) to given `dta`
[stitch:0  info] nested :  write| .stitch/readme/nested-16771fe7ddaa168686839969018067fe588f7249.out, skipped writing 'userdata'
[stitch:0 debug] nested :include| cb.'nested-2-out', 'out', no type specified (using default)
[stitch:0  info] nested :include| cb.'nested-2-out', 'out', merging 6 pandoc.Block's
[stitch:0  info] stitch : stitch| saw 19 CodeBlocks and 2 Headers
