[stitch:0  info] stitch :   init| STITCH initialized
meta	{
    monofont = "DejaVu Sans Mono",
    stitch = {
        cetz = {
            arg = "compile",
            cmd = "typst #arg #cbx #art",
            dir = ".stitch/readme/cetz",
            inc = "art cbx:fcb"
        },
        chunk = {
            cmd = "",
            dir = ".stitch/readme/chunk",
            inc = "out",
            lua = "chunk"
        },
        defaults = {
            dir = ".stitch/readme/defaults",
            inc = "out cbx:fcb"
        },
        diagon = {
            cmd = "diagon #arg <#cbx 1>#out",
            dir = ".stitch/readme/diagon"
        },
        doc = {
            cmd = "#cbx 1>#out",
            dir = ".stitch/readme/doc",
            inc = "out"
        },
        download = {
            dir = ".stitch/readme/download",
            exe = "yes",
            inc = "cbx:fcb",
            out = "#dir/#arg"
        },
        gnuplot = {
            cmd = "gnuplot #cbx 1>#art 2>#err",
            dir = ".stitch/readme/gnuplot",
            inc = "art:fig cbx:fcb"
        },
        stitch = {
            log = "debug"
        },
        youplot = {
            cmd = "#cbx 1>#out",
            dir = ".stitch/readme/youplot"
        }
    }
}
[stitch:0  info] stitch : stitch| walking CodeBlocks
[stitch:0  info] preface:command| expanding template '#cbx #arg #art 1>#out 2>#err'
[stitch:0  info] preface:command| .stitch/readme/defaults/preface-3f4ff6e21d61765054552d3fda21cf5d0234a386.cbx  .stitch/readme/defaults/preface-3f4ff6e21d61765054552d3fda21cf5d0234a386.png 1>.stitch/readme/defaults/preface-3f4ff6e21d61765054552d3fda21cf5d0234a386.out 2>.stitch/readme/defaults/preface-3f4ff6e21d61765054552d3fda21cf5d0234a386.err
[stitch:0  info] preface:execute| skipped, output files exist (exe='maybe')
[stitch:0  info] preface:  files| looking for old files ..
[stitch:0  info] preface:  files| 0 old files removed
[stitch:0  info] preface:include| cb.'#preface-1-out', 'out:fcb', fenced pandoc.CodeBlock
[stitch:0  info] cb01   :command| expanding template 'diagon #arg <#cbx 1>#out'
[stitch:0  info] cb01   :command| diagon Flowchart <.stitch/readme/diagon/cb01-095d3f8ad01981d42ea35b6b6861d11fd0f4e2b2.cbx 1>.stitch/readme/diagon/cb01-095d3f8ad01981d42ea35b6b6861d11fd0f4e2b2.out
[stitch:0  info] cb01   :execute| skipped, output files exist (exe='maybe')
[stitch:0  info] cb01   :  files| looking for old files ..
[stitch:0  info] cb01   :  files| 0 old files removed
[stitch:0  info] cb01   :include| cb.'#cb01-1-out', 'out:fcb', fenced pandoc.CodeBlock
[stitch:0  info] cb01   :include| cb.'#cb01-2-cbx', 'cbx:fcb', fenced pandoc.CodeBlock
[stitch:0  info] cb02   :command| expanding template '#cbx 1>#out'
[stitch:0  info] cb02   :command| .stitch/readme/youplot/cb02-013d8713e49d545259b86d2c401443ad04ffdf89.cbx 1>.stitch/readme/youplot/cb02-013d8713e49d545259b86d2c401443ad04ffdf89.out
[stitch:0  info] cb02   :execute| skipped, output files exist (exe='maybe')
[stitch:0  info] cb02   :  files| looking for old files ..
[stitch:0  info] cb02   :  files| 0 old files removed
[stitch:0  info] cb02   :include| cb.'#cb02-1-out', 'out:fcb', fenced pandoc.CodeBlock
[stitch:0  info] cb02   :include| cb.'#cb02-2-cbx', 'cbx:fcb', fenced pandoc.CodeBlock
[stitch:0  info] cb03   :command| expanding template 'typst #arg #cbx #art'
[stitch:0  info] cb03   :command| typst compile .stitch/readme/cetz/cb03-3b034d34d95adb47f7f472040b5af2dbcd842521.cbx .stitch/readme/cetz/cb03-3b034d34d95adb47f7f472040b5af2dbcd842521.png
[stitch:0  info] cb03   :execute| skipped, output files exist (exe='maybe')
[stitch:0  info] cb03   :  files| looking for old files ..
[stitch:0  info] cb03   :  files| 0 old files removed
fname, mime, #contents	.stitch/readme/cetz/cb03-3b034d34d95adb47f7f472040b5af2dbcd842521.png	image/png	70809
[stitch:0  info] cb03   :include| cb.'#cb03-1-art', 'art:fig', pandoc.Figure
[stitch:0  info] cb03   :include| cb.'#cb03-2-cbx', 'cbx:fcb', fenced pandoc.CodeBlock
[stitch:0  info] cb04   :command| expanding template 'typst #arg #cbx #art'
[stitch:0  info] cb04   :command| typst compile .stitch/readme/cetz/cb04-f4bd7eed3966246b153d4b9b4dc440fd06f43539.cbx .stitch/readme/cetz/cb04-f4bd7eed3966246b153d4b9b4dc440fd06f43539.svg
[stitch:0  info] cb04   :execute| skipped, output files exist (exe='maybe')
[stitch:0  info] cb04   :  files| looking for old files ..
[stitch:0  info] cb04   :  files| 0 old files removed
fname, mime, #contents	.stitch/readme/cetz/cb04-f4bd7eed3966246b153d4b9b4dc440fd06f43539.svg	image/svg+xml	165817
[stitch:0  info] cb04   :include| cb.'#cb04-1-art', 'art:fig', pandoc.Figure
[stitch:0  info] cb04   :include| cb.'#cb04-2-cbx', 'cbx:fcb', fenced pandoc.CodeBlock
[stitch:0  info] cb05   :command| expanding template '#cbx #arg #art 1>#out 2>#err'
[stitch:0  info] cb05   :command| .stitch/readme/download/cb05-d4959748598aae8bfe8d93e99d7c9f47eb704751.cbx ../cetz/temperatures.json .stitch/readme/download/cb05-d4959748598aae8bfe8d93e99d7c9f47eb704751.png 1>.stitch/readme/download/../cetz/temperatures.json 2>.stitch/readme/download/cb05-d4959748598aae8bfe8d93e99d7c9f47eb704751.err
[stitch:0  info] cb05   :execute| running codeblock (exe='yes')
[stitch:0  info] cb05   :execute| cb05, codeblock ran successfully
[stitch:0  info] cb05   :  files| looking for old files ..
[stitch:0  warn] cb05   :  files| `#out` template without `#sha` (d4959748598aae8bfe8d93e99d7c9f47eb704751), unable to detect old files
[stitch:0  info] cb05   :  files| 0 old files removed
[stitch:0  info] cb05   :include| cb.'#cb05-1-cbx', 'cbx:fcb', fenced pandoc.CodeBlock
[stitch:0  info] cb06   :command| expanding template 'typst #arg #cbx #art'
[stitch:0  info] cb06   :command| typst compile .stitch/readme/cetz/cb06-15ee4783366ec30f07b578986f59f14795d2d528.cbx .stitch/readme/cetz/cb06-15ee4783366ec30f07b578986f59f14795d2d528.svg
[stitch:0  info] cb06   :execute| running codeblock (exe='yes')
[stitch:0  info] cb06   :execute| cb06, codeblock ran successfully
[stitch:0  info] cb06   :  files| looking for old files ..
[stitch:0  info] cb06   :  files| 0 old files removed
fname, mime, #contents	.stitch/readme/cetz/cb06-15ee4783366ec30f07b578986f59f14795d2d528.svg	image/svg+xml	115836
[stitch:0  info] cb06   :include| cb.'#cb06-1-art', 'art:fig', pandoc.Figure
[stitch:0  info] cb06   :include| cb.'#cb06-2-cbx', 'cbx:fcb', fenced pandoc.CodeBlock
[stitch:0 debug] cb07   : option| exe = "maybe"
[stitch:0 debug] cb07   : option| cmd = "gnuplot #cbx 1>#art 2>#err"
[stitch:0 debug] cb07   : option| arg = ""
[stitch:0 debug] cb07   : option| old = "purge"
[stitch:0 debug] cb07   : option| art = ".stitch/readme/gnuplot/cb07-47cbc954d3cc828338f9ff7947df3b52e2cc48b1.png"
[stitch:0 debug] cb07   : option| cid = "cb07"
[stitch:0 debug] cb07   : option| fmt = "png"
[stitch:0 debug] cb07   : option| cls = "true"
[stitch:0 debug] cb07   : option| cbx = ".stitch/readme/gnuplot/cb07-47cbc954d3cc828338f9ff7947df3b52e2cc48b1.cbx"
[stitch:0 debug] cb07   : option| inc = "art:fig cbx:fcb"
[stitch:0 debug] cb07   : option| err = ".stitch/readme/gnuplot/cb07-47cbc954d3cc828338f9ff7947df3b52e2cc48b1.err"
[stitch:0 debug] cb07   : option| out = ".stitch/readme/gnuplot/cb07-47cbc954d3cc828338f9ff7947df3b52e2cc48b1.out"
[stitch:0 debug] cb07   : option| lua = ""
[stitch:0 debug] cb07   : option| log = "debug"
[stitch:0 debug] cb07   : option| dir = ".stitch/readme/gnuplot"
[stitch:0  info] cb07   :command| expanding template 'gnuplot #cbx 1>#art 2>#err'
[stitch:0  info] cb07   :command| gnuplot .stitch/readme/gnuplot/cb07-47cbc954d3cc828338f9ff7947df3b52e2cc48b1.cbx 1>.stitch/readme/gnuplot/cb07-47cbc954d3cc828338f9ff7947df3b52e2cc48b1.png 2>.stitch/readme/gnuplot/cb07-47cbc954d3cc828338f9ff7947df3b52e2cc48b1.err
[stitch:0  info] cb07   :execute| skipped, output files exist (exe='maybe')
[stitch:0  info] cb07   :  files| looking for old files ..
[stitch:0  info] cb07   :  files| 0 old files removed
[stitch:0 debug] cb07   :include| found 2 inc's in 'art:fig cbx:fcb'
[stitch:0 debug] cb07   :   read| .stitch/readme/gnuplot/cb07-47cbc954d3cc828338f9ff7947df3b52e2cc48b1.png, 62276 bytes
fname, mime, #contents	.stitch/readme/gnuplot/cb07-47cbc954d3cc828338f9ff7947df3b52e2cc48b1.png	image/png	62276
[stitch:0  info] cb07   :include| cb.'#cb07-1-art', 'art:fig', pandoc.Figure
[stitch:0 debug] cb07   :   read| .stitch/readme/gnuplot/cb07-47cbc954d3cc828338f9ff7947df3b52e2cc48b1.cbx, 549 bytes
[stitch:0  info] cb07   :include| cb.'#cb07-2-cbx', 'cbx:fcb', fenced pandoc.CodeBlock
[stitch:0  info] arg    :command| expanding template '#cbx #arg #art 1>#out 2>#err'
[stitch:0  info] arg    :command| .stitch/readme/defaults/arg-c873bfc189467c7b9c95bbe2f3c605da05e6963e.cbx two words .stitch/readme/defaults/arg-c873bfc189467c7b9c95bbe2f3c605da05e6963e.png 1>.stitch/readme/defaults/arg-c873bfc189467c7b9c95bbe2f3c605da05e6963e.out 2>.stitch/readme/defaults/arg-c873bfc189467c7b9c95bbe2f3c605da05e6963e.err
[stitch:0  info] arg    :execute| skipped, output files exist (exe='maybe')
[stitch:0  info] arg    :  files| looking for old files ..
[stitch:0  info] arg    :  files| 0 old files removed
[stitch:0  info] arg    :include| cb.'#arg-1-cbx', 'cbx:fcb', fenced pandoc.CodeBlock
[stitch:0  info] arg    :include| cb.'#arg-2-out', 'out:fcb', fenced pandoc.CodeBlock
[stitch:0  info] opt-cls:command| expanding template ''
[stitch:0  info] opt-cls:command| 
[stitch:0  info] opt-cls:execute| skipped, output files exist (exe='maybe')
[stitch:0  info] opt-cls:  files| looking for old files ..
[stitch:0  info] opt-cls:  files| 0 old files removed
[stitch:0  info] opt-cls:include| cb.'#opt-cls-1-out', 'out:fcb', fenced pandoc.CodeBlock
[stitch:0  info] opt-exe:command| expanding template ''
[stitch:0  info] opt-exe:command| 
[stitch:0  info] opt-exe:execute| skipped, output files exist (exe='maybe')
[stitch:0  info] opt-exe:  files| looking for old files ..
[stitch:0  info] opt-exe:  files| 0 old files removed
[stitch:0  info] opt-exe:include| cb.'#opt-exe-1-out', 'out:fcb', fenced pandoc.CodeBlock
[stitch:0  info] opt-log:command| expanding template ''
[stitch:0  info] opt-log:command| 
[stitch:0  info] opt-log:execute| codeblock as a chunk (exe='maybe')
[stitch:0  info] opt-log:execute| running chunk, fingers crossed ..
[stitch:0  info] opt-log:execute| chunk ran ok
[stitch:0  info] opt-log:  files| looking for old files ..
[stitch:0  info] opt-log:  files| 2 old files removed
[stitch:0  info] opt-log:include| cb.'#opt-log-1-out', 'out:fcb', fenced pandoc.CodeBlock
[stitch:0  info] opt-lua:command| expanding template ''
[stitch:0  info] opt-lua:command| 
[stitch:0  info] opt-lua:execute| skipped, output files exist (exe='maybe')
[stitch:0  info] opt-lua:  files| looking for old files ..
[stitch:0  info] opt-lua:  files| 0 old files removed
[stitch:0  info] opt-lua:include| cb.'#opt-lua-1-cbx', 'cbx:fcb', fenced pandoc.CodeBlock
[stitch:0  info] opt-lua:include| cb.'#opt-lua-2-out', 'out:fcb', fenced pandoc.CodeBlock
[stitch:0  info] opt-log:command| expanding template ''
[stitch:0  info] opt-log:command| 
[stitch:0  info] opt-log:execute| codeblock as a chunk (exe='maybe')
[stitch:0  info] opt-log:execute| running chunk, fingers crossed ..
[stitch:0  info] opt-log:execute| chunk ran ok
[stitch:0  info] opt-log:  files| looking for old files ..
[stitch:0  info] opt-log:  files| 2 old files removed
[stitch:0  info] opt-log:include| cb.'#opt-log-1-out', 'out:fcb', fenced pandoc.CodeBlock
[stitch:0  info] cb17   :command| expanding template '#cbx #arg #art 1>#out 2>#err'
[stitch:0  info] cb17   :command| .stitch/readme/defaults/cb17-0e4b35ffe8f52879cd6834a32711a6aaca4ab7f8.cbx  .stitch/readme/defaults/cb17-0e4b35ffe8f52879cd6834a32711a6aaca4ab7f8.png 1>.stitch/readme/defaults/cb17-0e4b35ffe8f52879cd6834a32711a6aaca4ab7f8.out 2>.stitch/readme/defaults/cb17-0e4b35ffe8f52879cd6834a32711a6aaca4ab7f8.err
[stitch:0  info] cb17   :execute| skipped (exe='no')
[stitch:0  info] cb17   :  files| looking for old files ..
[stitch:0  info] cb17   :  files| 0 old files removed
[stitch:0  info] cb17   :   read| pandoc.read as csv succeeded (got type Pandoc)
[stitch:0  info] cb17   :include| cb.'cb17-1-cbx', 'cbx', merging 1 pandoc.Block's
[stitch:0  info] csv    :command| expanding template '#cbx #arg #art 1>#out 2>#err'
[stitch:0  info] csv    :command| .stitch/readme/defaults/csv-ae6ed9c8cab2b1340085b82125b48978cd587633.cbx  .stitch/readme/defaults/csv-ae6ed9c8cab2b1340085b82125b48978cd587633.png 1>.stitch/readme/defaults/csv-ae6ed9c8cab2b1340085b82125b48978cd587633.out 2>.stitch/readme/defaults/csv-ae6ed9c8cab2b1340085b82125b48978cd587633.err
[stitch:0  info] csv    :execute| skipped (exe='no')
[stitch:0  info] csv    :  files| looking for old files ..
[stitch:0  info] csv    :  files| 0 old files removed
[stitch:0  info] csv    :include| cb.'#csv-1-cbx', 'cbx:fcb', fenced pandoc.CodeBlock
[stitch:0  info] csv    :   read| pandoc.read as csv succeeded (got type Pandoc)
[stitch:0  info] csv    :include| cb.'csv-2-cbx', 'cbx', merging 1 pandoc.Block's
[stitch:0  info] csv    :   read| pandoc.read as csv succeeded (got type Pandoc)
[stitch:0  info] csv    :include| cb.'#csv-3-cbx', 'cbx:fcb', fenced pandoc.CodeBlock
[stitch:0 debug] nested : option| exe = "maybe"
[stitch:0 debug] nested : option| cmd = "#cbx #arg #art 1>#out 2>#err"
[stitch:0 debug] nested : option| arg = ""
[stitch:0 debug] nested : option| old = "purge"
[stitch:0 debug] nested : option| art = ".stitch/readme/defaults/nested-85d8a99eb2d759c3914553221fe24b9c76531ad4.png"
[stitch:0 debug] nested : option| cid = "nested"
[stitch:0 debug] nested : option| fmt = "png"
[stitch:0 debug] nested : option| cls = "false"
[stitch:0 debug] nested : option| cbx = ".stitch/readme/defaults/nested-85d8a99eb2d759c3914553221fe24b9c76531ad4.cbx"
[stitch:0 debug] nested : option| inc = "cbx:fcb out!markdown@stitch"
[stitch:0 debug] nested : option| err = ".stitch/readme/defaults/nested-85d8a99eb2d759c3914553221fe24b9c76531ad4.err"
[stitch:0 debug] nested : option| out = ".stitch/readme/defaults/nested-85d8a99eb2d759c3914553221fe24b9c76531ad4.out"
[stitch:0 debug] nested : option| lua = ""
[stitch:0 debug] nested : option| log = "debug"
[stitch:0 debug] nested : option| dir = ".stitch/readme/defaults"
[stitch:0  info] nested :command| expanding template '#cbx #arg #art 1>#out 2>#err'
[stitch:0  info] nested :command| .stitch/readme/defaults/nested-85d8a99eb2d759c3914553221fe24b9c76531ad4.cbx  .stitch/readme/defaults/nested-85d8a99eb2d759c3914553221fe24b9c76531ad4.png 1>.stitch/readme/defaults/nested-85d8a99eb2d759c3914553221fe24b9c76531ad4.out 2>.stitch/readme/defaults/nested-85d8a99eb2d759c3914553221fe24b9c76531ad4.err
[stitch:0  info] nested :execute| skipped, output files exist (exe='maybe')
[stitch:0  info] nested :  files| looking for old files ..
[stitch:0  info] nested :  files| 0 old files removed
[stitch:0 debug] nested :include| found 2 inc's in 'cbx:fcb out!markdown@stitch'
[stitch:0 debug] nested :   read| .stitch/readme/defaults/nested-85d8a99eb2d759c3914553221fe24b9c76531ad4.cbx, 677 bytes
[stitch:0  info] nested :include| cb.'#nested-1-cbx', 'cbx:fcb', fenced pandoc.CodeBlock
[stitch:0 debug] nested :   read| .stitch/readme/defaults/nested-85d8a99eb2d759c3914553221fe24b9c76531ad4.out, 647 bytes
[stitch:0  info] nested :   read| pandoc.read as markdown succeeded (got type Pandoc)
[stitch:0 debug] nested :  xload| trying module "stitch"
[stitch:0 debug] nested :  xload| found module "stitch", pkg.loaded=table: 0x12caa960
[stitch:0  warn] nested :  xform| @stitch, found mod stitch, presumably a list of filters
meta	{
    author = "nested",
    stitch = {
        defaults = {
            dir = ".stitch/readme/nested"
        }
    },
    stitched = {
        ctx = {
            cetz = {
                arg = "compile",
                cmd = "typst #arg #cbx #art",
                dir = ".stitch/readme/cetz",
                inc = "art cbx:fcb"
            },
            chunk = {
                cmd = "",
                dir = ".stitch/readme/chunk",
                inc = "out",
                lua = "chunk"
            },
            diagon = {
                cmd = "diagon #arg <#cbx 1>#out",
                dir = ".stitch/readme/diagon"
            },
            doc = {
                cmd = "#cbx 1>#out",
                dir = ".stitch/readme/doc",
                inc = "out"
            },
            download = {
                dir = ".stitch/readme/download",
                exe = "yes",
                inc = "cbx:fcb",
                out = "#dir/#arg"
            },
            gnuplot = {
                cmd = "gnuplot #cbx 1>#art 2>#err",
                dir = ".stitch/readme/gnuplot",
                inc = "art:fig cbx:fcb"
            },
            stitch = {
                header = 0,
                log = "debug"
            },
            youplot = {
                cmd = "#cbx 1>#out",
                dir = ".stitch/readme/youplot"
            }
        },
        opts = {
            art = ".stitch/readme/defaults/nested-85d8a99eb2d759c3914553221fe24b9c76531ad4.png",
            cbx = ".stitch/readme/defaults/nested-85d8a99eb2d759c3914553221fe24b9c76531ad4.cbx",
            cid = "nested",
            cmd = ".stitch/readme/defaults/nested-85d8a99eb2d759c3914553221fe24b9c76531ad4.cbx  .stitch/readme/defaults/nested-85d8a99eb2d759c3914553221fe24b9c76531ad4.png 1>.stitch/readme/defaults/nested-85d8a99eb2d759c3914553221fe24b9c76531ad4.out 2>.stitch/readme/defaults/nested-85d8a99eb2d759c3914553221fe24b9c76531ad4.err",
            err = ".stitch/readme/defaults/nested-85d8a99eb2d759c3914553221fe24b9c76531ad4.err",
            hdr = "2",
            inc = "cbx:fcb out!markdown@stitch",
            log = "debug",
            out = ".stitch/readme/defaults/nested-85d8a99eb2d759c3914553221fe24b9c76531ad4.out",
            sha = "85d8a99eb2d759c3914553221fe24b9c76531ad4"
        }
    }
}
[stitch:1  info] stitch : stitch| walking CodeBlocks and Headers
[stitch:1  info] stitch : header| id nested-report: shifting level from 1 to 3
[stitch:1 debug] cb20   : option| exe = "no"
[stitch:1 debug] cb20   : option| cmd = "#cbx #arg #art 1>#out 2>#err"
[stitch:1 debug] cb20   : option| arg = ""
[stitch:1 debug] cb20   : option| old = "purge"
[stitch:1 debug] cb20   : option| art = ".stitch/readme/nested/cb20-55c080a209233d580f7016de8ba5d59ca922b726.png"
[stitch:1 debug] cb20   : option| cid = "cb20"
[stitch:1 debug] cb20   : option| fmt = "png"
[stitch:1 debug] cb20   : option| cls = "false"
[stitch:1 debug] cb20   : option| cbx = ".stitch/readme/nested/cb20-55c080a209233d580f7016de8ba5d59ca922b726.cbx"
[stitch:1 debug] cb20   : option| inc = "cbx!csv"
[stitch:1 debug] cb20   : option| err = ".stitch/readme/nested/cb20-55c080a209233d580f7016de8ba5d59ca922b726.err"
[stitch:1 debug] cb20   : option| out = ".stitch/readme/nested/cb20-55c080a209233d580f7016de8ba5d59ca922b726.out"
[stitch:1 debug] cb20   : option| lua = ""
[stitch:1 debug] cb20   : option| log = "debug"
[stitch:1 debug] cb20   : option| dir = ".stitch/readme/nested"
[stitch:1  info] cb20   :command| expanding template '#cbx #arg #art 1>#out 2>#err'
[stitch:1  info] cb20   :command| .stitch/readme/nested/cb20-55c080a209233d580f7016de8ba5d59ca922b726.cbx  .stitch/readme/nested/cb20-55c080a209233d580f7016de8ba5d59ca922b726.png 1>.stitch/readme/nested/cb20-55c080a209233d580f7016de8ba5d59ca922b726.out 2>.stitch/readme/nested/cb20-55c080a209233d580f7016de8ba5d59ca922b726.err
[stitch:1  info] cb20   :execute| skipped (exe='no')
[stitch:1  info] cb20   :  files| looking for old files ..
[stitch:1  info] cb20   :  files| 0 old files removed
[stitch:1 debug] cb20   :include| found 1 inc's in 'cbx!csv'
[stitch:1 debug] cb20   :   read| .stitch/readme/nested/cb20-55c080a209233d580f7016de8ba5d59ca922b726.cbx, 21 bytes
[stitch:1  info] cb20   :   read| pandoc.read as csv succeeded (got type Pandoc)
[stitch:1 debug] cb20   :include| cb.'cb20-1-cbx', 'cbx', no type specified (using default)
[stitch:1  info] cb20   :include| cb.'cb20-1-cbx', 'cbx', merging 1 pandoc.Block's
[stitch:1  info] stitch : header| id the-weather-today: shifting level from 2 to 4
[stitch:1  info] cb21   :command| expanding template '#cbx #arg #art 1>#out 2>#err'
[stitch:1  info] cb21   :command| .stitch/readme/nested/cb21-ac91e98ac996f620015ffdb0d35f4f3a28bf2228.cbx  .stitch/readme/nested/cb21-ac91e98ac996f620015ffdb0d35f4f3a28bf2228.png 1>.stitch/readme/nested/cb21-ac91e98ac996f620015ffdb0d35f4f3a28bf2228.out 2>.stitch/readme/nested/cb21-ac91e98ac996f620015ffdb0d35f4f3a28bf2228.err
[stitch:1  info] cb21   :execute| skipped, output files exist (exe='maybe')
[stitch:1  info] cb21   :  files| looking for old files ..
[stitch:1  info] cb21   :  files| 0 old files removed
[stitch:1  info] cb21   :include| cb.'#cb21-1-out', 'out:fcb', fenced pandoc.CodeBlock
[stitch:1  info] stitch : stitch| saw 2 CodeBlocks and 2 Headers
[stitch:1 debug] stitch :  xform| @stitch[1].Pandoc, ok, got a userdata (Pandoc)
[stitch:0  info] nested :  xform| @stitch, applied 1 filter(s) to given `dta`
[stitch:0  info] nested :  write| .stitch/readme/defaults/nested-85d8a99eb2d759c3914553221fe24b9c76531ad4.out, skipped writing 'userdata'
[stitch:0 debug] nested :include| cb.'nested-2-out', 'out', no type specified (using default)
[stitch:0  info] nested :include| cb.'nested-2-out', 'out', merging 6 pandoc.Block's
[stitch:0  info] opt-xxx:command| expanding template ''
[stitch:0  info] opt-xxx:command| 
[stitch:0  info] opt-xxx:execute| codeblock as a chunk (exe='yes')
[stitch:0  info] opt-xxx:execute| running chunk, fingers crossed ..
[stitch:0  info] opt-xxx:execute| chunk ran ok
[stitch:0  info] opt-xxx:  files| looking for old files ..
[stitch:0  info] opt-xxx:  files| 0 old files removed
[stitch:0  info] opt-xxx:include| cb.'#opt-xxx-1-out', 'out:fcb', fenced pandoc.CodeBlock
[stitch:0  info] stitch : stitch| saw 22 CodeBlocks and 2 Headers
